-------------------------------------------------------------------------------
Test set: com.srikanth.spring.boot.cassandra.repository.RecordRepositoryIntegrationTest
-------------------------------------------------------------------------------
Tests run: 1, Failures: 0, Errors: 1, Skipped: 0, Time elapsed: 6.68 sec <<< FAILURE!
com.srikanth.spring.boot.cassandra.repository.RecordRepositoryIntegrationTest  Time elapsed: 6.679 sec  <<< ERROR!
java.lang.NoSuchMethodError: org.jboss.netty.handler.codec.frame.LengthFieldBasedFrameDecoder.<init>(IIIIIZ)V
	at com.datastax.driver.core.Frame$DecoderV1.<init>(Frame.java:179)
	at com.datastax.driver.core.Frame$Decoder.<clinit>(Frame.java:162)
	at com.datastax.driver.core.Connection$PipelineFactory.getPipeline(Connection.java:1029)
	at org.jboss.netty.bootstrap.ClientBootstrap.connect(ClientBootstrap.java:212)
	at org.jboss.netty.bootstrap.ClientBootstrap.connect(ClientBootstrap.java:188)
	at com.datastax.driver.core.Connection.<init>(Connection.java:99)
	at com.datastax.driver.core.Connection$Factory.open(Connection.java:573)
	at com.datastax.driver.core.ControlConnection.tryConnect(ControlConnection.java:244)
	at com.datastax.driver.core.ControlConnection.reconnectInternal(ControlConnection.java:190)
	at com.datastax.driver.core.ControlConnection.connect(ControlConnection.java:78)
	at com.datastax.driver.core.Cluster$Manager.init(Cluster.java:1230)
	at com.datastax.driver.core.Cluster.init(Cluster.java:157)
	at com.datastax.driver.core.Cluster.connect(Cluster.java:245)
	at com.srikanth.spring.boot.cassandra.repository.RecordRepositoryIntegrationTest.startCassandraEmbedded(RecordRepositoryIntegrationTest.java:57)
	at sun.reflect.NativeMethodAccessorImpl.invoke0(Native Method)
	at sun.reflect.NativeMethodAccessorImpl.invoke(NativeMethodAccessorImpl.java:62)
	at sun.reflect.DelegatingMethodAccessorImpl.invoke(DelegatingMethodAccessorImpl.java:43)
	at java.lang.reflect.Method.invoke(Method.java:498)
	at org.junit.runners.model.FrameworkMethod$1.runReflectiveCall(FrameworkMethod.java:50)
	at org.junit.internal.runners.model.ReflectiveCallable.run(ReflectiveCallable.java:12)
	at org.junit.runners.model.FrameworkMethod.invokeExplosively(FrameworkMethod.java:47)
	at org.junit.internal.runners.statements.RunBefores.evaluate(RunBefores.java:24)
	at org.springframework.test.context.junit4.statements.RunBeforeTestClassCallbacks.evaluate(RunBeforeTestClassCallbacks.java:61)
	at org.junit.internal.runners.statements.RunAfters.evaluate(RunAfters.java:27)
	at org.springframework.test.context.junit4.statements.RunAfterTestClassCallbacks.evaluate(RunAfterTestClassCallbacks.java:70)
	at org.junit.runners.ParentRunner.run(ParentRunner.java:363)
	at org.springframework.test.context.junit4.SpringJUnit4ClassRunner.run(SpringJUnit4ClassRunner.java:191)
	at org.apache.maven.surefire.junit4.JUnit4Provider.execute(JUnit4Provider.java:252)
	at org.apache.maven.surefire.junit4.JUnit4Provider.executeTestSet(JUnit4Provider.java:141)
	at org.apache.maven.surefire.junit4.JUnit4Provider.invoke(JUnit4Provider.java:112)
	at sun.reflect.NativeMethodAccessorImpl.invoke0(Native Method)
	at sun.reflect.NativeMethodAccessorImpl.invoke(NativeMethodAccessorImpl.java:62)
	at sun.reflect.DelegatingMethodAccessorImpl.invoke(DelegatingMethodAccessorImpl.java:43)
	at java.lang.reflect.Method.invoke(Method.java:498)
	at org.apache.maven.surefire.util.ReflectionUtils.invokeMethodWithArray(ReflectionUtils.java:189)
	at org.apache.maven.surefire.booter.ProviderFactory$ProviderProxy.invoke(ProviderFactory.java:165)
	at org.apache.maven.surefire.booter.ProviderFactory.invokeProvider(ProviderFactory.java:85)
	at org.apache.maven.surefire.booter.ForkedBooter.runSuitesInProcess(ForkedBooter.java:115)
	at org.apache.maven.surefire.booter.ForkedBooter.main(ForkedBooter.java:75)

